<?xml version="1.0" encoding="UTF-8"?>
<testng-results ignored="0" total="1" passed="1" failed="0" skipped="0">
  <reporter-output>
  </reporter-output>
  <suite started-at="2022-03-15T10:48:01Z" name="inetBankingV1" finished-at="2022-03-15T10:48:16Z" duration-ms="14983">
    <groups>
    </groups>
    <test started-at="2022-03-15T10:48:01Z" name="BankingApp Test" finished-at="2022-03-15T10:48:16Z" duration-ms="14983">
      <class name="com.inetbanking.testCases.TC_LoginTest_001">
        <test-method is-config="true" signature="setup(java.lang.String)[pri:0, instance:com.inetbanking.testCases.TC_LoginTest_001@c03cf28]" started-at="2022-03-15T10:48:01Z" name="setup" finished-at="2022-03-15T10:48:07Z" duration-ms="5938" status="PASS">
          <params>
            <param index="0">
              <value>
                <![CDATA[chrome]]>
              </value>
            </param>
          </params>
          <reporter-output>
          </reporter-output>
        </test-method> <!-- setup -->
        <test-method signature="LoginTest()[pri:0, instance:com.inetbanking.testCases.TC_LoginTest_001@c03cf28]" started-at="2022-03-15T10:48:07Z" name="LoginTest" finished-at="2022-03-15T10:48:15Z" duration-ms="8426" status="PASS">
          <reporter-output>
          </reporter-output>
        </test-method> <!-- LoginTest -->
        <test-method is-config="true" signature="tearDown()[pri:0, instance:com.inetbanking.testCases.TC_LoginTest_001@c03cf28]" started-at="2022-03-15T10:48:15Z" name="tearDown" finished-at="2022-03-15T10:48:16Z" duration-ms="426" status="PASS">
          <reporter-output>
          </reporter-output>
        </test-method> <!-- tearDown -->
      </class> <!-- com.inetbanking.testCases.TC_LoginTest_001 -->
    </test> <!-- BankingApp Test -->
  </suite> <!-- inetBankingV1 -->
</testng-results>
